<?xml version="1.0" encoding="UTF-8"?>
<testsuite xmlns:xsi="http://www.w3.org/2001/XMLSchema-instance" xsi:noNamespaceSchemaLocation="https://maven.apache.org/surefire/maven-surefire-plugin/xsd/surefire-test-report.xsd" version="3.0.2" name="TestSuite" time="5.522" tests="1" errors="0" skipped="0" failures="0">
  <properties>
[...]
</properties>
  <testcase name="Login" classname="com.project.testCases.TC_LoginTest_001" time="1.457">
    <system-out><![CDATA[2025-04-03 18:06:44,700{yyyy-MM-dd HH:mm:ss} [main] INFO  com.project.testCases.BaseClass{36} - URL is Open
2025-04-03 18:06:45,489{yyyy-MM-dd HH:mm:ss} [main] INFO  com.project.testCases.BaseClass{36} - Test Case Passed
2025-04-03 18:06:45,489{yyyy-MM-dd HH:mm:ss} [main] INFO  com.project.testCases.BaseClass{36} - Login test passed
GTPL Bank Manager HomePage
]]></system-out>
    <system-err><![CDATA[SLF4J(W): No SLF4J providers were found.
SLF4J(W): Defaulting to no-operation (NOP) logger implementation
SLF4J(W): See https://www.slf4j.org/codes.html#noProviders for further details.
SLF4J(W): Class path contains SLF4J bindings targeting slf4j-api versions 1.7.x or earlier.
SLF4J(W): Ignoring binding found at [jar:file:/Users/tippiri/.m2/repository/org/apache/logging/log4j/log4j-slf4j-impl/2.24.3/log4j-slf4j-impl-2.24.3.jar!/org/slf4j/impl/StaticLoggerBinder.class]
SLF4J(W): See https://www.slf4j.org/codes.html#ignoredBindings for an explanation.
]]></system-err>
  </testcase>
</testsuite>